	Command being timed: "./coulter_deduper.py -f C1_SE_uniqAlign.sorted.sam -o /projects/bgmp/kcoulter/bioinfo/Bi624/Deduper-kbcoulter/C1_SE.out.sam -u STL96.txt"
	User time (seconds): 44.23
	System time (seconds): 3.45
	Percent of CPU this job got: 99%
	Elapsed (wall clock) time (h:mm:ss or m:ss): 0:48.17
	Average shared text size (kbytes): 0
	Average unshared data size (kbytes): 0
	Average stack size (kbytes): 0
	Average total size (kbytes): 0
	Maximum resident set size (kbytes): 402632
	Average resident set size (kbytes): 0
	Major (requiring I/O) page faults: 0
	Minor (reclaiming a frame) page faults: 213445
	Voluntary context switches: 983
	Involuntary context switches: 162
	Swaps: 0
	File system inputs: 0
	File system outputs: 0
	Socket messages sent: 0
	Socket messages received: 0
	Signals delivered: 0
	Page size (bytes): 4096
	Exit status: 0
